TOKEN: eyJhbGciOiJIUzI1NiIs...
\n== Task1: Delete invalid transition phase3 -> phase5 ==
{
  "success": true
}
\n== Raw template excerpt ==
{
  "id": "5c4fd193-3ce5-417d-a747-c0fd122b5650",
  "name": "🧪 试剂/芯片开发 全流程模版（母版）",
  "isMaster": true,
  "contentExists": true,
  "phasesTop": true
}
\n=== 真实 phases（含 UUID/keys）===
{
  "id": "phase1",
  "name": "立项",
  "order": 1
}
{
  "id": "phase2",
  "name": "方案设计",
  "order": 2
}
{
  "id": "phase3",
  "name": "样本收集",
  "order": 3
}
{
  "id": "phase4",
  "name": "片外核酸提取优化",
  "order": 4
}
{
  "id": "phase5",
  "name": "片外扩增试剂/程序优化",
  "order": 5
}
{
  "id": "phase6",
  "name": "芯片试产验证",
  "order": 6
}
{
  "id": "phase7",
  "name": "量产加工",
  "order": 7
}
{
  "id": "phase8",
  "name": "客户验证",
  "order": 8
}
{
  "id": "phase9",
  "name": "归档",
  "order": 9
}
=== phases 总数 ===
9
\nP3: phase3
P5: phase5
\n== Task2: Create transition: phase3 -> phase5 ==
{
  "success": true,
  "data": {
    "id": "pt_1775916340151_7we38",
    "fromPhaseId": "phase3",
    "toPhaseId": "phase5",
    "createdAt": "2026-04-11T14:05:40.151Z"
  }
}
\n=== Verify P3 transitions ===
null
\n== Task4: Start frontend preview and run puppeteer ==
